This file contains any messages produced by compilers while
running configure, to aid debugging if configure makes a mistake.

It was created by configure, which was
generated by GNU Autoconf 2.69.  Invocation command line was

  $ ./configure 

## --------- ##
## Platform. ##
## --------- ##

hostname = RPC
uname -m = x86_64
uname -r = 5.8.0-50-generic
uname -s = Linux
uname -v = #56~20.04.1-Ubuntu SMP Mon Apr 12 21:46:35 UTC 2021

/usr/bin/uname -p = x86_64
/bin/uname -X     = unknown

/bin/arch              = x86_64
/usr/bin/arch -k       = unknown
/usr/convex/getsysinfo = unknown
/usr/bin/hostinfo      = unknown
/bin/machine           = unknown
/usr/bin/oslevel       = unknown
/bin/universe          = unknown

PATH: /usr/local/sbin
PATH: /usr/local/bin
PATH: /usr/sbin
PATH: /usr/bin
PATH: /sbin
PATH: /bin
PATH: /usr/games
PATH: /usr/local/games
PATH: /snap/bin


## ----------- ##
## Core tests. ##
## ----------- ##

configure:2279: checking build system type
configure:2293: result: x86_64-unknown-linux-gnu
configure:2313: checking host system type
configure:2326: result: x86_64-unknown-linux-gnu
configure:2346: checking target system type
configure:2359: result: x86_64-unknown-linux-gnu
configure:2407: checking for gmake
configure:2435: result: make
configure:2520: checking for gcc
configure:2536: found /usr/bin/gcc
configure:2547: result: gcc
configure:2578: checking for C compiler version
configure:2587: gcc --version >&5
gcc (Ubuntu 9.3.0-17ubuntu1~20.04) 9.3.0
Copyright (C) 2019 Free Software Foundation, Inc.
This is free software; see the source for copying conditions.  There is NO
warranty; not even for MERCHANTABILITY or FITNESS FOR A PARTICULAR PURPOSE.

configure:2598: $? = 0
configure:2587: gcc -v >&5
Using built-in specs.
COLLECT_GCC=gcc
COLLECT_LTO_WRAPPER=/usr/lib/gcc/x86_64-linux-gnu/9/lto-wrapper
OFFLOAD_TARGET_NAMES=nvptx-none:hsa
OFFLOAD_TARGET_DEFAULT=1
Target: x86_64-linux-gnu
Configured with: ../src/configure -v --with-pkgversion='Ubuntu 9.3.0-17ubuntu1~20.04' --with-bugurl=file:///usr/share/doc/gcc-9/README.Bugs --enable-languages=c,ada,c++,go,brig,d,fortran,objc,obj-c++,gm2 --prefix=/usr --with-gcc-major-version-only --program-suffix=-9 --program-prefix=x86_64-linux-gnu- --enable-shared --enable-linker-build-id --libexecdir=/usr/lib --without-included-gettext --enable-threads=posix --libdir=/usr/lib --enable-nls --enable-clocale=gnu --enable-libstdcxx-debug --enable-libstdcxx-time=yes --with-default-libstdcxx-abi=new --enable-gnu-unique-object --disable-vtable-verify --enable-plugin --enable-default-pie --with-system-zlib --with-target-system-zlib=auto --enable-objc-gc=auto --enable-multiarch --disable-werror --with-arch-32=i686 --with-abi=m64 --with-multilib-list=m32,m64,mx32 --enable-multilib --with-tune=generic --enable-offload-targets=nvptx-none=/build/gcc-9-HskZEa/gcc-9-9.3.0/debian/tmp-nvptx/usr,hsa --without-cuda-driver --enable-checking=release --build=x86_64-linux-gnu --host=x86_64-linux-gnu --target=x86_64-linux-gnu
Thread model: posix
gcc version 9.3.0 (Ubuntu 9.3.0-17ubuntu1~20.04) 
configure:2598: $? = 0
configure:2587: gcc -V >&5
gcc: error: unrecognized command line option '-V'
gcc: fatal error: no input files
compilation terminated.
configure:2598: $? = 1
configure:2587: gcc -qversion >&5
gcc: error: unrecognized command line option '-qversion'; did you mean '--version'?
gcc: fatal error: no input files
compilation terminated.
configure:2598: $? = 1
configure:2618: checking whether the C compiler works
configure:2640: gcc    conftest.c  >&5
configure:2644: $? = 0
configure:2692: result: yes
configure:2695: checking for C compiler default output file name
configure:2697: result: a.out
configure:2703: checking for suffix of executables
configure:2710: gcc -o conftest    conftest.c  >&5
configure:2714: $? = 0
configure:2736: result: 
configure:2758: checking whether we are cross compiling
configure:2766: gcc -o conftest    conftest.c  >&5
configure:2770: $? = 0
configure:2777: ./conftest
configure:2781: $? = 0
configure:2769: result: no
configure:2774: checking for suffix of object files
configure:2796: gcc -c   conftest.c >&5
configure:2800: $? = 0
configure:2821: result: o
configure:2825: checking whether we are using the GNU C compiler
configure:2844: gcc -c   conftest.c >&5
configure:2844: $? = 0
configure:2853: result: yes
configure:2862: checking whether gcc accepts -g
configure:2882: gcc -c -g  conftest.c >&5
configure:2882: $? = 0
configure:2923: result: yes
configure:2940: checking for gcc option to accept ISO C89
configure:3003: gcc  -c -g -O2  conftest.c >&5
configure:3003: $? = 0
configure:3016: result: none needed
configure:3094: checking for g++
configure:3110: found /usr/bin/g++
configure:3121: result: g++
configure:3148: checking for C++ compiler version
configure:3157: g++ --version >&5
g++ (Ubuntu 9.3.0-17ubuntu1~20.04) 9.3.0
Copyright (C) 2019 Free Software Foundation, Inc.
This is free software; see the source for copying conditions.  There is NO
warranty; not even for MERCHANTABILITY or FITNESS FOR A PARTICULAR PURPOSE.

configure:3168: $? = 0
configure:3157: g++ -v >&5
Using built-in specs.
COLLECT_GCC=g++
COLLECT_LTO_WRAPPER=/usr/lib/gcc/x86_64-linux-gnu/9/lto-wrapper
OFFLOAD_TARGET_NAMES=nvptx-none:hsa
OFFLOAD_TARGET_DEFAULT=1
Target: x86_64-linux-gnu
Configured with: ../src/configure -v --with-pkgversion='Ubuntu 9.3.0-17ubuntu1~20.04' --with-bugurl=file:///usr/share/doc/gcc-9/README.Bugs --enable-languages=c,ada,c++,go,brig,d,fortran,objc,obj-c++,gm2 --prefix=/usr --with-gcc-major-version-only --program-suffix=-9 --program-prefix=x86_64-linux-gnu- --enable-shared --enable-linker-build-id --libexecdir=/usr/lib --without-included-gettext --enable-threads=posix --libdir=/usr/lib --enable-nls --enable-clocale=gnu --enable-libstdcxx-debug --enable-libstdcxx-time=yes --with-default-libstdcxx-abi=new --enable-gnu-unique-object --disable-vtable-verify --enable-plugin --enable-default-pie --with-system-zlib --with-target-system-zlib=auto --enable-objc-gc=auto --enable-multiarch --disable-werror --with-arch-32=i686 --with-abi=m64 --with-multilib-list=m32,m64,mx32 --enable-multilib --with-tune=generic --enable-offload-targets=nvptx-none=/build/gcc-9-HskZEa/gcc-9-9.3.0/debian/tmp-nvptx/usr,hsa --without-cuda-driver --enable-checking=release --build=x86_64-linux-gnu --host=x86_64-linux-gnu --target=x86_64-linux-gnu
Thread model: posix
gcc version 9.3.0 (Ubuntu 9.3.0-17ubuntu1~20.04) 
configure:3168: $? = 0
configure:3157: g++ -V >&5
g++: error: unrecognized command line option '-V'
g++: fatal error: no input files
compilation terminated.
configure:3168: $? = 1
configure:3157: g++ -qversion >&5
g++: error: unrecognized command line option '-qversion'; did you mean '--version'?
g++: fatal error: no input files
compilation terminated.
configure:3168: $? = 1
configure:3172: checking whether we are using the GNU C++ compiler
configure:3191: g++ -c   conftest.cpp >&5
configure:3191: $? = 0
configure:3200: result: yes
configure:3209: checking whether g++ accepts -g
configure:3229: g++ -c -g  conftest.cpp >&5
configure:3229: $? = 0
configure:3270: result: yes
configure:3342: checking for a BSD-compatible install
configure:3410: result: /usr/bin/install -c
configure:3437: checking for pthread_create in -lpthread
configure:3462: gcc -o conftest -O3  -funroll-loops -fomit-frame-pointer  -falign-loops=16  -Dx86_64    conftest.c -lpthread   >&5
configure:3462: $? = 0
configure:3471: result: yes
configure:3484: checking for MPI_Init in -lmpi
configure:3509: gcc -o conftest -O3  -funroll-loops -fomit-frame-pointer  -falign-loops=16  -Dx86_64    conftest.c -lmpi   >&5
/usr/bin/ld: cannot find -lmpi
collect2: error: ld returned 1 exit status
configure:3509: $? = 1
configure: failed program was:
| /* confdefs.h */
| #define PACKAGE_NAME ""
| #define PACKAGE_TARNAME ""
| #define PACKAGE_VERSION ""
| #define PACKAGE_STRING ""
| #define PACKAGE_BUGREPORT ""
| #define PACKAGE_URL ""
| /* end confdefs.h.  */
| 
| /* Override any GCC internal prototype to avoid an error.
|    Use char because int might match the return type of a GCC
|    builtin and then its argument prototype would still apply.  */
| #ifdef __cplusplus
| extern "C"
| #endif
| char MPI_Init ();
| int
| main ()
| {
| return MPI_Init ();
|   ;
|   return 0;
| }
configure:3518: result: no
configure:3537: checking for exp in -lm
configure:3562: gcc -o conftest -O3  -funroll-loops -fomit-frame-pointer  -falign-loops=16  -Dx86_64    conftest.c -lm   >&5
conftest.c:16:6: warning: conflicting types for built-in function 'exp'; expected 'double(double)' [-Wbuiltin-declaration-mismatch]
   16 | char exp ();
      |      ^~~
conftest.c:1:1: note: 'exp' is declared in header '<math.h>'
    1 | /* confdefs.h */
configure:3562: $? = 0
configure:3571: result: yes
configure:3591: checking how to run the C preprocessor
configure:3622: gcc -E  conftest.c
configure:3622: $? = 0
configure:3636: gcc -E  conftest.c
conftest.c:10:10: fatal error: ac_nonexistent.h: No such file or directory
   10 | #include <ac_nonexistent.h>
      |          ^~~~~~~~~~~~~~~~~~
compilation terminated.
configure:3636: $? = 1
configure: failed program was:
| /* confdefs.h */
| #define PACKAGE_NAME ""
| #define PACKAGE_TARNAME ""
| #define PACKAGE_VERSION ""
| #define PACKAGE_STRING ""
| #define PACKAGE_BUGREPORT ""
| #define PACKAGE_URL ""
| #define HAVE_LIBM 1
| /* end confdefs.h.  */
| #include <ac_nonexistent.h>
configure:3661: result: gcc -E
configure:3681: gcc -E  conftest.c
configure:3681: $? = 0
configure:3695: gcc -E  conftest.c
conftest.c:10:10: fatal error: ac_nonexistent.h: No such file or directory
   10 | #include <ac_nonexistent.h>
      |          ^~~~~~~~~~~~~~~~~~
compilation terminated.
configure:3695: $? = 1
configure: failed program was:
| /* confdefs.h */
| #define PACKAGE_NAME ""
| #define PACKAGE_TARNAME ""
| #define PACKAGE_VERSION ""
| #define PACKAGE_STRING ""
| #define PACKAGE_BUGREPORT ""
| #define PACKAGE_URL ""
| #define HAVE_LIBM 1
| /* end confdefs.h.  */
| #include <ac_nonexistent.h>
configure:3724: checking for grep that handles long lines and -e
configure:3782: result: /usr/bin/grep
configure:3787: checking for egrep
configure:3849: result: /usr/bin/grep -E
configure:3854: checking for ANSI C header files
configure:3874: gcc -c -O3  -funroll-loops -fomit-frame-pointer  -falign-loops=16  -Dx86_64   conftest.c >&5
configure:3874: $? = 0
configure:3947: gcc -o conftest -O3  -funroll-loops -fomit-frame-pointer  -falign-loops=16  -Dx86_64    conftest.c -lm  >&5
configure:3947: $? = 0
configure:3947: ./conftest
configure:3947: $? = 0
configure:3958: result: yes
configure:3971: checking for sys/types.h
configure:3971: gcc -c -O3  -funroll-loops -fomit-frame-pointer  -falign-loops=16  -Dx86_64   conftest.c >&5
configure:3971: $? = 0
configure:3971: result: yes
configure:3971: checking for sys/stat.h
configure:3971: gcc -c -O3  -funroll-loops -fomit-frame-pointer  -falign-loops=16  -Dx86_64   conftest.c >&5
configure:3971: $? = 0
configure:3971: result: yes
configure:3971: checking for stdlib.h
configure:3971: gcc -c -O3  -funroll-loops -fomit-frame-pointer  -falign-loops=16  -Dx86_64   conftest.c >&5
configure:3971: $? = 0
configure:3971: result: yes
configure:3971: checking for string.h
configure:3971: gcc -c -O3  -funroll-loops -fomit-frame-pointer  -falign-loops=16  -Dx86_64   conftest.c >&5
configure:3971: $? = 0
configure:3971: result: yes
configure:3971: checking for memory.h
configure:3971: gcc -c -O3  -funroll-loops -fomit-frame-pointer  -falign-loops=16  -Dx86_64   conftest.c >&5
configure:3971: $? = 0
configure:3971: result: yes
configure:3971: checking for strings.h
configure:3971: gcc -c -O3  -funroll-loops -fomit-frame-pointer  -falign-loops=16  -Dx86_64   conftest.c >&5
configure:3971: $? = 0
configure:3971: result: yes
configure:3971: checking for inttypes.h
configure:3971: gcc -c -O3  -funroll-loops -fomit-frame-pointer  -falign-loops=16  -Dx86_64   conftest.c >&5
configure:3971: $? = 0
configure:3971: result: yes
configure:3971: checking for stdint.h
configure:3971: gcc -c -O3  -funroll-loops -fomit-frame-pointer  -falign-loops=16  -Dx86_64   conftest.c >&5
configure:3971: $? = 0
configure:3971: result: yes
configure:3971: checking for unistd.h
configure:3971: gcc -c -O3  -funroll-loops -fomit-frame-pointer  -falign-loops=16  -Dx86_64   conftest.c >&5
configure:3971: $? = 0
configure:3971: result: yes
configure:3986: checking limits.h usability
configure:3986: gcc -c -O3  -funroll-loops -fomit-frame-pointer  -falign-loops=16  -Dx86_64   conftest.c >&5
configure:3986: $? = 0
configure:3986: result: yes
configure:3986: checking limits.h presence
configure:3986: gcc -E  conftest.c
configure:3986: $? = 0
configure:3986: result: yes
configure:3986: checking for limits.h
configure:3986: result: yes
configure:3986: checking for strings.h
configure:3986: result: yes
configure:4000: checking pthread.h usability
configure:4000: gcc -c -O3  -funroll-loops -fomit-frame-pointer  -falign-loops=16  -Dx86_64   conftest.c >&5
configure:4000: $? = 0
configure:4000: result: yes
configure:4000: checking pthread.h presence
configure:4000: gcc -E  conftest.c
configure:4000: $? = 0
configure:4000: result: yes
configure:4000: checking for pthread.h
configure:4000: result: yes
configure:4029: checking for an ANSI C-conforming const
configure:4095: gcc -c -O3  -funroll-loops -fomit-frame-pointer  -falign-loops=16  -Dx86_64   conftest.c >&5
configure:4095: $? = 0
configure:4102: result: yes
configure:4110: checking for size_t
configure:4110: gcc -c -O3  -funroll-loops -fomit-frame-pointer  -falign-loops=16  -Dx86_64   conftest.c >&5
configure:4110: $? = 0
configure:4110: gcc -c -O3  -funroll-loops -fomit-frame-pointer  -falign-loops=16  -Dx86_64   conftest.c >&5
conftest.c: In function 'main':
conftest.c:59:21: error: expected expression before ')' token
   59 | if (sizeof ((size_t)))
      |                     ^
configure:4110: $? = 1
configure: failed program was:
| /* confdefs.h */
| #define PACKAGE_NAME ""
| #define PACKAGE_TARNAME ""
| #define PACKAGE_VERSION ""
| #define PACKAGE_STRING ""
| #define PACKAGE_BUGREPORT ""
| #define PACKAGE_URL ""
| #define HAVE_LIBM 1
| #define STDC_HEADERS 1
| #define HAVE_SYS_TYPES_H 1
| #define HAVE_SYS_STAT_H 1
| #define HAVE_STDLIB_H 1
| #define HAVE_STRING_H 1
| #define HAVE_MEMORY_H 1
| #define HAVE_STRINGS_H 1
| #define HAVE_INTTYPES_H 1
| #define HAVE_STDINT_H 1
| #define HAVE_UNISTD_H 1
| #define HAVE_LIMITS_H 1
| #define HAVE_STRINGS_H 1
| #define HAVE_PTHREAD_H 1
| /* end confdefs.h.  */
| #include <stdio.h>
| #ifdef HAVE_SYS_TYPES_H
| # include <sys/types.h>
| #endif
| #ifdef HAVE_SYS_STAT_H
| # include <sys/stat.h>
| #endif
| #ifdef STDC_HEADERS
| # include <stdlib.h>
| # include <stddef.h>
| #else
| # ifdef HAVE_STDLIB_H
| #  include <stdlib.h>
| # endif
| #endif
| #ifdef HAVE_STRING_H
| # if !defined STDC_HEADERS && defined HAVE_MEMORY_H
| #  include <memory.h>
| # endif
| # include <string.h>
| #endif
| #ifdef HAVE_STRINGS_H
| # include <strings.h>
| #endif
| #ifdef HAVE_INTTYPES_H
| # include <inttypes.h>
| #endif
| #ifdef HAVE_STDINT_H
| # include <stdint.h>
| #endif
| #ifdef HAVE_UNISTD_H
| # include <unistd.h>
| #endif
| int
| main ()
| {
| if (sizeof ((size_t)))
| 	    return 0;
|   ;
|   return 0;
| }
configure:4110: result: yes
configure:4121: checking for int
configure:4121: gcc -c -O3  -funroll-loops -fomit-frame-pointer  -falign-loops=16  -Dx86_64   conftest.c >&5
configure:4121: $? = 0
configure:4121: gcc -c -O3  -funroll-loops -fomit-frame-pointer  -falign-loops=16  -Dx86_64   conftest.c >&5
conftest.c: In function 'main':
conftest.c:59:18: error: expected expression before ')' token
   59 | if (sizeof ((int)))
      |                  ^
configure:4121: $? = 1
configure: failed program was:
| /* confdefs.h */
| #define PACKAGE_NAME ""
| #define PACKAGE_TARNAME ""
| #define PACKAGE_VERSION ""
| #define PACKAGE_STRING ""
| #define PACKAGE_BUGREPORT ""
| #define PACKAGE_URL ""
| #define HAVE_LIBM 1
| #define STDC_HEADERS 1
| #define HAVE_SYS_TYPES_H 1
| #define HAVE_SYS_STAT_H 1
| #define HAVE_STDLIB_H 1
| #define HAVE_STRING_H 1
| #define HAVE_MEMORY_H 1
| #define HAVE_STRINGS_H 1
| #define HAVE_INTTYPES_H 1
| #define HAVE_STDINT_H 1
| #define HAVE_UNISTD_H 1
| #define HAVE_LIMITS_H 1
| #define HAVE_STRINGS_H 1
| #define HAVE_PTHREAD_H 1
| /* end confdefs.h.  */
| #include <stdio.h>
| #ifdef HAVE_SYS_TYPES_H
| # include <sys/types.h>
| #endif
| #ifdef HAVE_SYS_STAT_H
| # include <sys/stat.h>
| #endif
| #ifdef STDC_HEADERS
| # include <stdlib.h>
| # include <stddef.h>
| #else
| # ifdef HAVE_STDLIB_H
| #  include <stdlib.h>
| # endif
| #endif
| #ifdef HAVE_STRING_H
| # if !defined STDC_HEADERS && defined HAVE_MEMORY_H
| #  include <memory.h>
| # endif
| # include <string.h>
| #endif
| #ifdef HAVE_STRINGS_H
| # include <strings.h>
| #endif
| #ifdef HAVE_INTTYPES_H
| # include <inttypes.h>
| #endif
| #ifdef HAVE_STDINT_H
| # include <stdint.h>
| #endif
| #ifdef HAVE_UNISTD_H
| # include <unistd.h>
| #endif
| int
| main ()
| {
| if (sizeof ((int)))
| 	    return 0;
|   ;
|   return 0;
| }
configure:4121: result: yes
configure:4132: checking whether struct tm is in sys/time.h or time.h
configure:4152: gcc -c -O3  -funroll-loops -fomit-frame-pointer  -falign-loops=16  -Dx86_64   conftest.c >&5
configure:4152: $? = 0
configure:4159: result: time.h
configure:4167: checking for inline
configure:4183: gcc -c -O3  -funroll-loops -fomit-frame-pointer  -falign-loops=16  -Dx86_64   conftest.c >&5
configure:4183: $? = 0
configure:4191: result: inline
configure:4210: checking return type of signal handlers
configure:4228: gcc -c -O3  -funroll-loops -fomit-frame-pointer  -falign-loops=16  -Dx86_64   conftest.c >&5
conftest.c: In function 'main':
conftest.c:29:10: error: void value not ignored as it ought to be
   29 | return *(signal (0, 0)) (0) == 1;
      |         ~^~~~~~~~~~~~~~~~~~
configure:4228: $? = 1
configure: failed program was:
| /* confdefs.h */
| #define PACKAGE_NAME ""
| #define PACKAGE_TARNAME ""
| #define PACKAGE_VERSION ""
| #define PACKAGE_STRING ""
| #define PACKAGE_BUGREPORT ""
| #define PACKAGE_URL ""
| #define HAVE_LIBM 1
| #define STDC_HEADERS 1
| #define HAVE_SYS_TYPES_H 1
| #define HAVE_SYS_STAT_H 1
| #define HAVE_STDLIB_H 1
| #define HAVE_STRING_H 1
| #define HAVE_MEMORY_H 1
| #define HAVE_STRINGS_H 1
| #define HAVE_INTTYPES_H 1
| #define HAVE_STDINT_H 1
| #define HAVE_UNISTD_H 1
| #define HAVE_LIMITS_H 1
| #define HAVE_STRINGS_H 1
| #define HAVE_PTHREAD_H 1
| /* end confdefs.h.  */
| #include <sys/types.h>
| #include <signal.h>
| 
| int
| main ()
| {
| return *(signal (0, 0)) (0) == 1;
|   ;
|   return 0;
| }
configure:4235: result: void
configure:4245: checking for strftime
configure:4245: gcc -o conftest -O3  -funroll-loops -fomit-frame-pointer  -falign-loops=16  -Dx86_64    conftest.c -lm  >&5
conftest.c:47:6: warning: conflicting types for built-in function 'strftime'; expected 'long unsigned int(char *, long unsigned int,  const char *, const void *)' [-Wbuiltin-declaration-mismatch]
   47 | char strftime ();
      |      ^~~~~~~~
conftest.c:35:1: note: 'strftime' is declared in header '<time.h>'
   34 | # include <limits.h>
   35 | #else
configure:4245: $? = 0
configure:4245: result: yes
configure:4300: checking for strcspn
configure:4300: gcc -o conftest -O3  -funroll-loops -fomit-frame-pointer  -falign-loops=16  -Dx86_64    conftest.c -lm  >&5
conftest.c:48:6: warning: conflicting types for built-in function 'strcspn'; expected 'long unsigned int(const char *, const char *)' [-Wbuiltin-declaration-mismatch]
   48 | char strcspn ();
      |      ^~~~~~~
conftest.c:36:1: note: 'strcspn' is declared in header '<string.h>'
   35 | # include <limits.h>
   36 | #else
configure:4300: $? = 0
configure:4300: result: yes
configure:4311: checking for strsep
configure:4311: gcc -o conftest -O3  -funroll-loops -fomit-frame-pointer  -falign-loops=16  -Dx86_64    conftest.c -lm  >&5
configure:4311: $? = 0
configure:4311: result: yes
configure:4325: checking for lgamma
configure:4325: gcc -o conftest -O3  -funroll-loops -fomit-frame-pointer  -falign-loops=16  -Dx86_64    conftest.c -lm  >&5
conftest.c:50:6: warning: conflicting types for built-in function 'lgamma'; expected 'double(double)' [-Wbuiltin-declaration-mismatch]
   50 | char lgamma ();
      |      ^~~~~~
conftest.c:38:1: note: 'lgamma' is declared in header '<math.h>'
   37 | # include <limits.h>
   38 | #else
configure:4325: $? = 0
configure:4325: result: yes
configure:4391: checking which zlib implementation to use
configure:4395: result: autodetect
configure:4397: checking for main in -lz
configure:4416: gcc -o conftest -O3  -funroll-loops -fomit-frame-pointer  -falign-loops=16  -Dx86_64    conftest.c -lz  -lm  >&5
configure:4416: $? = 0
configure:4425: result: yes
configure:4511: checking for gzbuffer
configure:4511: gcc -o conftest -O3  -funroll-loops -fomit-frame-pointer  -falign-loops=16  -Dx86_64    conftest.c -lm  >&5
/usr/bin/ld: /tmp/ccES7Kn0.o: in function `main':
conftest.c:(.text.startup+0xb): undefined reference to `gzbuffer'
collect2: error: ld returned 1 exit status
configure:4511: $? = 1
configure: failed program was:
| /* confdefs.h */
| #define PACKAGE_NAME ""
| #define PACKAGE_TARNAME ""
| #define PACKAGE_VERSION ""
| #define PACKAGE_STRING ""
| #define PACKAGE_BUGREPORT ""
| #define PACKAGE_URL ""
| #define HAVE_LIBM 1
| #define STDC_HEADERS 1
| #define HAVE_SYS_TYPES_H 1
| #define HAVE_SYS_STAT_H 1
| #define HAVE_STDLIB_H 1
| #define HAVE_STRING_H 1
| #define HAVE_MEMORY_H 1
| #define HAVE_STRINGS_H 1
| #define HAVE_INTTYPES_H 1
| #define HAVE_STDINT_H 1
| #define HAVE_UNISTD_H 1
| #define HAVE_LIMITS_H 1
| #define HAVE_STRINGS_H 1
| #define HAVE_PTHREAD_H 1
| #define RETSIGTYPE void
| #define HAVE_STRFTIME 1
| #define HAVE_STRCSPN 1
| #define HAVE_STRSEP 1
| #define HAVE_LGAMMA 1
| /* end confdefs.h.  */
| /* Define gzbuffer to an innocuous variant, in case <limits.h> declares gzbuffer.
|    For example, HP-UX 11i <limits.h> declares gettimeofday.  */
| #define gzbuffer innocuous_gzbuffer
| 
| /* System header to define __stub macros and hopefully few prototypes,
|     which can conflict with char gzbuffer (); below.
|     Prefer <limits.h> to <assert.h> if __STDC__ is defined, since
|     <limits.h> exists even on freestanding compilers.  */
| 
| #ifdef __STDC__
| # include <limits.h>
| #else
| # include <assert.h>
| #endif
| 
| #undef gzbuffer
| 
| /* Override any GCC internal prototype to avoid an error.
|    Use char because int might match the return type of a GCC
|    builtin and then its argument prototype would still apply.  */
| #ifdef __cplusplus
| extern "C"
| #endif
| char gzbuffer ();
| /* The GNU C library defines this for functions which it implements
|     to always fail with ENOSYS.  Some functions are actually named
|     something starting with __ and the normal name is an alias.  */
| #if defined __stub_gzbuffer || defined __stub___gzbuffer
| choke me
| #endif
| 
| int
| main ()
| {
| return gzbuffer ();
|   ;
|   return 0;
| }
configure:4511: result: no
configure:4711: creating ./config.status

## ---------------------- ##
## Running config.status. ##
## ---------------------- ##

This file was extended by config.status, which was
generated by GNU Autoconf 2.69.  Invocation command line was

  CONFIG_FILES    = 
  CONFIG_HEADERS  = 
  CONFIG_LINKS    = 
  CONFIG_COMMANDS = 
  $ ./config.status 

on RPC

config.status:848: creating Makefile
config.status:848: creating conf.h
config.status:1023: conf.h is unchanged

## ---------------- ##
## Cache variables. ##
## ---------------- ##

ac_cv_build=x86_64-unknown-linux-gnu
ac_cv_c_compiler_gnu=yes
ac_cv_c_const=yes
ac_cv_c_inline=inline
ac_cv_cxx_compiler_gnu=yes
ac_cv_env_CCC_set=
ac_cv_env_CCC_value=
ac_cv_env_CC_set=
ac_cv_env_CC_value=
ac_cv_env_CFLAGS_set=
ac_cv_env_CFLAGS_value=
ac_cv_env_CPPFLAGS_set=
ac_cv_env_CPPFLAGS_value=
ac_cv_env_CPP_set=
ac_cv_env_CPP_value=
ac_cv_env_CXXFLAGS_set=
ac_cv_env_CXXFLAGS_value=
ac_cv_env_CXX_set=
ac_cv_env_CXX_value=
ac_cv_env_LDFLAGS_set=
ac_cv_env_LDFLAGS_value=
ac_cv_env_LIBS_set=
ac_cv_env_LIBS_value=
ac_cv_env_build_alias_set=
ac_cv_env_build_alias_value=
ac_cv_env_host_alias_set=
ac_cv_env_host_alias_value=
ac_cv_env_target_alias_set=
ac_cv_env_target_alias_value=
ac_cv_func_gzbuffer=no
ac_cv_func_lgamma=yes
ac_cv_func_strcspn=yes
ac_cv_func_strftime=yes
ac_cv_func_strsep=yes
ac_cv_header_inttypes_h=yes
ac_cv_header_limits_h=yes
ac_cv_header_memory_h=yes
ac_cv_header_pthread_h=yes
ac_cv_header_stdc=yes
ac_cv_header_stdint_h=yes
ac_cv_header_stdlib_h=yes
ac_cv_header_string_h=yes
ac_cv_header_strings_h=yes
ac_cv_header_sys_stat_h=yes
ac_cv_header_sys_types_h=yes
ac_cv_header_unistd_h=yes
ac_cv_host=x86_64-unknown-linux-gnu
ac_cv_lib_m_exp=yes
ac_cv_lib_mpi_MPI_Init=no
ac_cv_lib_pthread_pthread_create=yes
ac_cv_lib_z_main=yes
ac_cv_objext=o
ac_cv_path_EGREP='/usr/bin/grep -E'
ac_cv_path_GREP=/usr/bin/grep
ac_cv_path_install='/usr/bin/install -c'
ac_cv_prog_CPP='gcc -E'
ac_cv_prog_GMAKE=make
ac_cv_prog_ac_ct_CC=gcc
ac_cv_prog_ac_ct_CXX=g++
ac_cv_prog_cc_c89=
ac_cv_prog_cc_g=yes
ac_cv_prog_cxx_g=yes
ac_cv_struct_tm=time.h
ac_cv_target=x86_64-unknown-linux-gnu
ac_cv_type_int=yes
ac_cv_type_signal=void
ac_cv_type_size_t=yes

## ----------------- ##
## Output variables. ##
## ----------------- ##

ARCH=''
CC='gcc'
CFLAGS='-O3  -funroll-loops -fomit-frame-pointer  -falign-loops=16  -Dx86_64 '
CPP='gcc -E'
CPPFLAGS=''
CPUINFO='egrep  '\''name|GHz|MHz'\'' /proc/cpuinfo'
CPUTYPE='x86_64'
CXX='g++'
CXXFLAGS='-g -O2'
DEFS='-DHAVE_CONFIG_H'
ECHO_C=''
ECHO_N='-n'
ECHO_T=''
EGREP='/usr/bin/grep -E'
EXCEPTION='-fexceptions'
EXEEXT=''
GMAKE='make'
GREP='/usr/bin/grep'
HARDWARECFLAGS=''
HAVE_ZNZ=' -DHAVE_ZLIB -DZNZ'
INSTALL_DATA='${INSTALL} -m 644'
INSTALL_PROGRAM='${INSTALL}'
INSTALL_SCRIPT='${INSTALL}'
LDFLAGS=''
LIBOBJS=''
LIBS='-lm '
LTLIBOBJS=''
MACOSVERSION=''
MIGRATESUBVERSION=''
MPICC='mpicc'
MT_FILES='SFMT.c'
NOZLIB=''
OBJEXT='o'
OSTYPE='linux-gnu'
PACKAGE_BUGREPORT=''
PACKAGE_NAME=''
PACKAGE_STRING=''
PACKAGE_TARNAME=''
PACKAGE_URL=''
PACKAGE_VERSION=''
PAPERFORMAT='-DLETTERPAPER'
PATH_SEPARATOR=':'
RANDOMCFLAGS=''
RANDOMLIBS=' '
SHELL='/bin/bash'
STDCPLUS='-lstdc++'
SYSTEM='gcc'
SYSTEMVERSION=''
TAR='tar'
THREADCFLAGS='-D_REENTRANT -DPTHREADS'
THREADLIB='-lpthread'
ZLIB='-lz'
ZLIBDIR=''
ZLIBHARUINCL=''
ZLIBINCL=''
ZLIBTARGET='zlibsystem'
ac_ct_CC='gcc'
ac_ct_CXX='g++'
bindir='${exec_prefix}/bin'
build='x86_64-unknown-linux-gnu'
build_alias=''
build_cpu='x86_64'
build_os='linux-gnu'
build_vendor='unknown'
datadir='${datarootdir}'
datarootdir='${prefix}/share'
docdir='${datarootdir}/doc/${PACKAGE}'
dvidir='${docdir}'
exec_prefix='${prefix}'
host='x86_64-unknown-linux-gnu'
host_alias=''
host_cpu='x86_64'
host_os='linux-gnu'
host_vendor='unknown'
htmldir='${docdir}'
includedir='${prefix}/include'
infodir='${datarootdir}/info'
libdir='${exec_prefix}/lib'
libexecdir='${exec_prefix}/libexec'
localedir='${datarootdir}/locale'
localstatedir='${prefix}/var'
mandir='${datarootdir}/man'
oldincludedir='/usr/include'
pdfdir='${docdir}'
prefix='/usr/local'
program_transform_name='s,x,x,'
psdir='${docdir}'
sbindir='${exec_prefix}/sbin'
sharedstatedir='${prefix}/com'
sysconfdir='${prefix}/etc'
target='x86_64-unknown-linux-gnu'
target_alias=''
target_cpu='x86_64'
target_os='linux-gnu'
target_vendor='unknown'

## ----------- ##
## confdefs.h. ##
## ----------- ##

/* confdefs.h */
#define PACKAGE_NAME ""
#define PACKAGE_TARNAME ""
#define PACKAGE_VERSION ""
#define PACKAGE_STRING ""
#define PACKAGE_BUGREPORT ""
#define PACKAGE_URL ""
#define HAVE_LIBM 1
#define STDC_HEADERS 1
#define HAVE_SYS_TYPES_H 1
#define HAVE_SYS_STAT_H 1
#define HAVE_STDLIB_H 1
#define HAVE_STRING_H 1
#define HAVE_MEMORY_H 1
#define HAVE_STRINGS_H 1
#define HAVE_INTTYPES_H 1
#define HAVE_STDINT_H 1
#define HAVE_UNISTD_H 1
#define HAVE_LIMITS_H 1
#define HAVE_STRINGS_H 1
#define HAVE_PTHREAD_H 1
#define RETSIGTYPE void
#define HAVE_STRFTIME 1
#define HAVE_STRCSPN 1
#define HAVE_STRSEP 1
#define HAVE_LGAMMA 1

configure: exit 0
